Obtaining JSON from switch...
Done
Control utility for runtime P4 table manipulation
RuntimeCmd: Setting default action of ipv4_lpm
action:              drop
runtime data:        
RuntimeCmd: Setting default action of int_table
action:              add_int_header
runtime data:        00:02
RuntimeCmd: Adding entry to lpm match table ipv4_lpm
match key:           LPM-0a:00:02:02/32
action:              ipv4_forward
runtime data:        00:00:0a:00:02:02	00:01
Entry has been added with handle 0
RuntimeCmd: Adding entry to lpm match table ipv4_lpm
match key:           LPM-0a:00:00:00/16
action:              ipv4_forward
runtime data:        00:00:00:01:02:00	00:02
Entry has been added with handle 1
RuntimeCmd: 
